TN:
SF:D:/Blockchain-Solidity/beam-customcontract-audit/contracts/CustomContract.sol
FN:34,onlyOwner
FN:42,onlyPendingOwner
FN:47,
FN:55,transferOwnership
FN:62,claimOwnership
FN:83,onlyWhitelisted
FN:93,addAddressToWhitelist
FN:107,addAddressesToWhitelist
FN:121,removeAddressFromWhitelist
FN:135,removeAddressesFromWhitelist
FN:159,whenNotPaused
FN:167,whenPaused
FN:175,pause
FN:183,unpause
FN:203,
FN:214,
FN:223,buyTokens
FN:237,withdrawFunds
FN:257,mul
FN:269,div
FN:279,sub
FN:287,add
FNF:22
FNH:20
FNDA:30,onlyOwner
FNDA:1,onlyPendingOwner
FNDA:15,
FNDA:1,transferOwnership
FNDA:1,claimOwnership
FNDA:12,onlyWhitelisted
FNDA:9,addAddressToWhitelist
FNDA:4,addAddressesToWhitelist
FNDA:2,removeAddressFromWhitelist
FNDA:1,removeAddressesFromWhitelist
FNDA:13,whenNotPaused
FNDA:7,whenPaused
FNDA:5,pause
FNDA:2,unpause
FNDA:5,
FNDA:2,
FNDA:4,buyTokens
FNDA:0,withdrawFunds
FNDA:4,mul
FNDA:4,div
FNDA:4,sub
FNDA:0,add
DA:35,30
DA:36,24
DA:43,1
DA:44,1
DA:48,15
DA:56,1
DA:63,1
DA:64,1
DA:65,1
DA:84,12
DA:85,6
DA:94,9
DA:95,8
DA:96,8
DA:97,8
DA:108,4
DA:109,8
DA:110,7
DA:122,2
DA:123,2
DA:124,2
DA:125,2
DA:136,1
DA:137,2
DA:138,2
DA:160,13
DA:161,11
DA:168,7
DA:169,3
DA:176,5
DA:177,5
DA:184,2
DA:185,2
DA:204,5
DA:205,5
DA:207,5
DA:208,5
DA:215,2
DA:216,2
DA:225,4
DA:226,4
DA:227,4
DA:229,4
DA:230,4
DA:232,4
DA:233,4
DA:234,4
DA:241,0
DA:242,0
DA:258,4
DA:259,0
DA:261,4
DA:262,4
DA:263,4
DA:271,4
DA:273,4
DA:280,4
DA:281,4
DA:288,0
DA:289,0
DA:290,0
LF:61
LH:55
BRDA:35,1,0,24
BRDA:35,1,1,6
BRDA:43,2,0,1
BRDA:43,2,1,0
BRDA:84,3,0,6
BRDA:84,3,1,6
BRDA:94,4,0,8
BRDA:94,4,1,1
BRDA:109,5,0,7
BRDA:109,5,1,1
BRDA:122,6,0,2
BRDA:122,6,1,0
BRDA:137,7,0,2
BRDA:137,7,1,0
BRDA:160,8,0,11
BRDA:160,8,1,2
BRDA:168,9,0,3
BRDA:168,9,1,4
BRDA:204,10,0,5
BRDA:204,10,1,0
BRDA:205,11,0,5
BRDA:205,11,1,0
BRDA:215,12,0,2
BRDA:215,12,1,0
BRDA:233,13,0,4
BRDA:233,13,1,0
BRDA:241,14,0,0
BRDA:241,14,1,0
BRDA:258,15,0,0
BRDA:258,15,1,4
BRDA:262,16,0,4
BRDA:262,16,1,0
BRDA:280,17,0,4
BRDA:280,17,1,0
BRDA:289,18,0,0
BRDA:289,18,1,0
BRF:36
BRH:22
end_of_record
